<?xml version="1.0" encoding="UTF-8"?>
<!-- Generated by org.testng.reporters.JUnitReportReporter -->
<testsuite hostname="DESKTOP-F94991C" name="TestCases.Solutions" tests="1" failures="0" timestamp="19 Jul 2021 05:58:20 GMT" time="50.498" errors="0">
  <testcase name="LoginMethod" time="50.498" classname="TestCases.Solutions"/>
</testsuite>
