<?xml version="1.0" encoding="UTF-8"?>
<!-- Generated by org.testng.reporters.JUnitReportReporter -->
<testsuite skipped="0" hostname="DESKTOP-F94991C" name="TestCases.Solutions" tests="2" failures="0" timestamp="2021-08-27T15:57:16 IST" time="54.017" errors="0">
  <testcase name="solutionPageTest" time="22.389" classname="TestCases.Solutions"/>
  <system-out/>
  <testcase name="InitDriver" time="31.628" classname="TestCases.Solutions"/>
  <system-out/>
</testsuite> <!-- TestCases.Solutions -->
