<?xml version="1.0" encoding="UTF-8"?>
<!-- Generated by org.testng.reporters.JUnitReportReporter -->
<testsuite skipped="0" hostname="DESKTOP-F94991C" name="TestCases.Login" tests="2" failures="0" timestamp="2021-07-31T16:16:16 IST" time="73.215" errors="0">
  <testcase name="Login_TC" time="32.918" classname="TestCases.Login"/>
  <system-out/>
  <testcase name="Login_TC" time="40.297" classname="TestCases.Login"/>
  <system-out/>
</testsuite> <!-- TestCases.Login -->
